[LIST ERROR] 2026-04-14T18:12:04.562Z: PrismaClientKnownRequestError: 
Invalid `prisma.unidade.findMany()` invocation in
D:\Outros\documents\program\sissaude360\sissaude360\backend\src\controllers\UnidadeController.ts:66:47

  63 
  64 export const listUnidades = async (req: Request, res: Response) => {
  65     try {
→ 66         const unidades = await prisma.unidade.findMany(
Cannot fetch data from service:
fetch failed
    at Vn.handleRequestError (D:\Outros\documents\program\sissaude360\sissaude360\backend\node_modules\@prisma\client\runtime\library.js:121:7339)
    at Vn.handleAndLogRequestError (D:\Outros\documents\program\sissaude360\sissaude360\backend\node_modules\@prisma\client\runtime\library.js:121:6663)
    at Vn.request (D:\Outros\documents\program\sissaude360\sissaude360\backend\node_modules\@prisma\client\runtime\library.js:121:6370)
    at processTicksAndRejections (node:internal/process/task_queues:105:5)
    at l (D:\Outros\documents\program\sissaude360\sissaude360\backend\node_modules\@prisma\client\runtime\library.js:130:9617)
    at listUnidades (D:\Outros\documents\program\sissaude360\sissaude360\backend\src\controllers\UnidadeController.ts:66:26)
[LIST ERROR] 2026-04-14T18:12:22.913Z: PrismaClientKnownRequestError: 
Invalid `prisma.unidade.findMany()` invocation in
D:\Outros\documents\program\sissaude360\sissaude360\backend\src\controllers\UnidadeController.ts:66:47

  63 
  64 export const listUnidades = async (req: Request, res: Response) => {
  65     try {
→ 66         const unidades = await prisma.unidade.findMany(
Cannot fetch data from service:
fetch failed
    at Vn.handleRequestError (D:\Outros\documents\program\sissaude360\sissaude360\backend\node_modules\@prisma\client\runtime\library.js:121:7339)
    at Vn.handleAndLogRequestError (D:\Outros\documents\program\sissaude360\sissaude360\backend\node_modules\@prisma\client\runtime\library.js:121:6663)
    at Vn.request (D:\Outros\documents\program\sissaude360\sissaude360\backend\node_modules\@prisma\client\runtime\library.js:121:6370)
    at processTicksAndRejections (node:internal/process/task_queues:105:5)
    at l (D:\Outros\documents\program\sissaude360\sissaude360\backend\node_modules\@prisma\client\runtime\library.js:130:9617)
    at listUnidades (D:\Outros\documents\program\sissaude360\sissaude360\backend\src\controllers\UnidadeController.ts:66:26)
[LIST ERROR] 2026-04-14T18:12:44.491Z: PrismaClientKnownRequestError: 
Invalid `prisma.unidade.findMany()` invocation in
D:\Outros\documents\program\sissaude360\sissaude360\backend\src\controllers\UnidadeController.ts:66:47

  63 
  64 export const listUnidades = async (req: Request, res: Response) => {
  65     try {
→ 66         const unidades = await prisma.unidade.findMany(
Cannot fetch data from service:
fetch failed
    at Vn.handleRequestError (D:\Outros\documents\program\sissaude360\sissaude360\backend\node_modules\@prisma\client\runtime\library.js:121:7339)
    at Vn.handleAndLogRequestError (D:\Outros\documents\program\sissaude360\sissaude360\backend\node_modules\@prisma\client\runtime\library.js:121:6663)
    at Vn.request (D:\Outros\documents\program\sissaude360\sissaude360\backend\node_modules\@prisma\client\runtime\library.js:121:6370)
    at processTicksAndRejections (node:internal/process/task_queues:105:5)
    at l (D:\Outros\documents\program\sissaude360\sissaude360\backend\node_modules\@prisma\client\runtime\library.js:130:9617)
    at listUnidades (D:\Outros\documents\program\sissaude360\sissaude360\backend\src\controllers\UnidadeController.ts:66:26)
